<?xml version="1.0" encoding="UTF-8"?>
<!-- Generated by org.testng.reporters.JUnitReportReporter -->
<testsuite hostname="ip-172-31-21-20" failures="0" tests="2" name="com.simplilearn.CRUDoperation.AppTest" time="2.358" errors="0" timestamp="2023-07-13T06:31:02 UTC" skipped="0">
  <testcase classname="com.simplilearn.CRUDoperation.AppTest" name="createData" time="1.612"/>
  <system-out/>
  <testcase classname="com.simplilearn.CRUDoperation.AppTest" name="getData" time="0.746"/>
  <system-out/>
</testsuite> <!-- com.simplilearn.CRUDoperation.AppTest -->
